[debug] [2023-03-02T16:18:22.860Z] ----------------------------------------------------------------------
[debug] [2023-03-02T16:18:22.862Z] Command:       C:\Program Files\nodejs\node.exe D:\Progs\React Native\MealsToGo\functions\node_modules\firebase-tools\lib\bin\firebase.js emulators:start --only functions
[debug] [2023-03-02T16:18:22.862Z] CLI Version:   11.24.0
[debug] [2023-03-02T16:18:22.863Z] Platform:      win32
[debug] [2023-03-02T16:18:22.863Z] Node Version:  v18.0.0
[debug] [2023-03-02T16:18:22.863Z] Time:          Thu Mar 02 2023 21:48:22 GMT+0530 (India Standard Time)
[debug] [2023-03-02T16:18:22.864Z] ----------------------------------------------------------------------
[debug] 
[debug] [2023-03-02T16:18:22.999Z] > command requires scopes: ["email","openid","https://www.googleapis.com/auth/cloudplatformprojects.readonly","https://www.googleapis.com/auth/firebase","https://www.googleapis.com/auth/cloud-platform"]
[debug] [2023-03-02T16:18:22.999Z] > authorizing via signed-in user (hridayanphukan123@gmail.com)
[info] i  emulators: Starting emulators: functions {"metadata":{"emulator":{"name":"hub"},"message":"Starting emulators: functions"}}
[debug] [2023-03-02T16:18:23.008Z] [logging] Logging Emulator only supports listening on one address (127.0.0.1). Not listening on ::1
[debug] [2023-03-02T16:18:23.008Z] assigned listening specs for emulators {"user":{"hub":[{"address":"127.0.0.1","family":"IPv4","port":4400},{"address":"::1","family":"IPv6","port":4400}],"ui":[{"address":"127.0.0.1","family":"IPv4","port":4000},{"address":"::1","family":"IPv6","port":4000}],"logging":[{"address":"127.0.0.1","family":"IPv4","port":4500}]},"metadata":{"message":"assigned listening specs for emulators"}}
[debug] [2023-03-02T16:18:23.021Z] [hub] writing locator at C:\Users\hrida\AppData\Local\Temp\hub-meals-to-go-e0c54.json
[debug] [2023-03-02T16:18:23.037Z] [functions] Functions Emulator only supports listening on one address (127.0.0.1). Not listening on ::1
[debug] [2023-03-02T16:18:23.038Z] [eventarc] Eventarc Emulator only supports listening on one address (127.0.0.1). Not listening on ::1
[debug] [2023-03-02T16:18:23.038Z] late-assigned ports for functions and eventarc emulators {"user":{"hub":[{"address":"127.0.0.1","family":"IPv4","port":4400},{"address":"::1","family":"IPv6","port":4400}],"ui":[{"address":"127.0.0.1","family":"IPv4","port":4000},{"address":"::1","family":"IPv6","port":4000}],"logging":[{"address":"127.0.0.1","family":"IPv4","port":4500}],"functions":[{"address":"127.0.0.1","family":"IPv4","port":5001}],"eventarc":[{"address":"127.0.0.1","family":"IPv4","port":9299}]},"metadata":{"message":"late-assigned ports for functions and eventarc emulators"}}
[warn] !  functions: The following emulators are not running, calls to these services from the Functions emulator will affect production: auth, firestore, database, hosting, pubsub, storage {"metadata":{"emulator":{"name":"functions"},"message":"The following emulators are not running, calls to these services from the Functions emulator will affect production: \u001b[1mauth, firestore, database, hosting, pubsub, storage\u001b[22m"}}
[debug] [2023-03-02T16:18:23.050Z] defaultcredentials: writing to file C:\Users\hrida\AppData\Roaming\firebase\hridayanphukan123_gmail_com_application_default_credentials.json
[debug] [2023-03-02T16:18:23.066Z] Setting GAC to C:\Users\hrida\AppData\Roaming\firebase\hridayanphukan123_gmail_com_application_default_credentials.json {"metadata":{"emulator":{"name":"functions"},"message":"Setting GAC to C:\\Users\\hrida\\AppData\\Roaming\\firebase\\hridayanphukan123_gmail_com_application_default_credentials.json"}}
[debug] [2023-03-02T16:18:23.069Z] >>> [apiv2][query] GET https://firebase.googleapis.com/v1beta1/projects/meals-to-go-e0c54/adminSdkConfig [none]
[debug] [2023-03-02T16:18:23.647Z] <<< [apiv2][status] GET https://firebase.googleapis.com/v1beta1/projects/meals-to-go-e0c54/adminSdkConfig 200
[debug] [2023-03-02T16:18:23.647Z] <<< [apiv2][body] GET https://firebase.googleapis.com/v1beta1/projects/meals-to-go-e0c54/adminSdkConfig {"projectId":"meals-to-go-e0c54","storageBucket":"meals-to-go-e0c54.appspot.com"}
[debug] [2023-03-02T16:18:23.695Z] Ignoring unsupported arg: auto_download {"metadata":{"emulator":{"name":"ui"},"message":"Ignoring unsupported arg: auto_download"}}
[debug] [2023-03-02T16:18:23.695Z] Ignoring unsupported arg: port {"metadata":{"emulator":{"name":"ui"},"message":"Ignoring unsupported arg: port"}}
[debug] [2023-03-02T16:18:23.695Z] Starting Emulator UI with command {"binary":"node","args":["C:\\Users\\hrida\\.cache\\firebase\\emulators\\ui-v1.11.4\\server\\server.js"],"optionalArgs":[],"joinArgs":false} {"metadata":{"emulator":{"name":"ui"},"message":"Starting Emulator UI with command {\"binary\":\"node\",\"args\":[\"C:\\\\Users\\\\hrida\\\\.cache\\\\firebase\\\\emulators\\\\ui-v1.11.4\\\\server\\\\server.js\"],\"optionalArgs\":[],\"joinArgs\":false}"}}
[info] i  ui: Emulator UI logging to ui-debug.log {"metadata":{"emulator":{"name":"ui"},"message":"Emulator UI logging to \u001b[1mui-debug.log\u001b[22m"}}
[debug] [2023-03-02T16:18:24.011Z] Web / API server started at 127.0.0.1:4000
 {"metadata":{"emulator":{"name":"ui"},"message":"Web / API server started at 127.0.0.1:4000\n"}}
[debug] [2023-03-02T16:18:24.011Z] Web / API server started at ::1:4000
 {"metadata":{"emulator":{"name":"ui"},"message":"Web / API server started at ::1:4000\n"}}
[info] i  functions: Watching "D:\Progs\React Native\MealsToGo\functions" for Cloud Functions... {"metadata":{"emulator":{"name":"functions"},"message":"Watching \"D:\\Progs\\React Native\\MealsToGo\\functions\" for Cloud Functions..."}}
[debug] [2023-03-02T16:18:24.223Z] Validating nodejs source
[warn] !  functions: package.json indicates an outdated version of firebase-functions. Please upgrade using npm install --save firebase-functions@latest in your functions directory. 
[warn] !  functions: Please note that there will be breaking changes when you upgrade. 
[debug] [2023-03-02T16:18:25.528Z] > [functions] package.json contents: {
  "name": "functions",
  "description": "Cloud Functions for Firebase",
  "scripts": {
    "serve": "firebase emulators:start --only functions",
    "shell": "firebase functions:shell",
    "start": "npm run shell",
    "deploy": "firebase deploy --only functions",
    "logs": "firebase functions:log"
  },
  "engines": {
    "node": "14"
  },
  "main": "index.js",
  "dependencies": {
    "firebase-admin": "^9.2.0",
    "firebase-functions": "^3.11.0",
    "firebase-tools": "^11.24.0"
  },
  "devDependencies": {
    "firebase-functions-test": "^0.2.0"
  },
  "private": true
}
[debug] [2023-03-02T16:18:25.529Z] Building nodejs source
[debug] [2023-03-02T16:18:25.529Z] Failed to find version of module node: reached end of search path D:\Progs\React Native\MealsToGo\functions\node_modules
[warn] !  functions: Your requested "node" version "14" doesn't match your global version "18". Using node@18 from host. 
[warn] !  functions: You are using an old version of firebase-functions SDK (3.13.0). Please update firebase-functions SDK to >=3.20.0 
[info] +  functions: Loaded functions definitions from source: geocode, placesNearby. {"metadata":{"emulator":{"name":"functions"},"message":"Loaded functions definitions from source: geocode, placesNearby."}}
[info] +  functions[us-central1-geocode]: http function initialized (http://127.0.0.1:5001/meals-to-go-e0c54/us-central1/geocode). {"metadata":{"emulator":{"name":"functions"},"message":"\u001b[1mhttp\u001b[22m function initialized (http://127.0.0.1:5001/meals-to-go-e0c54/us-central1/geocode)."}}
[info] +  functions[us-central1-placesNearby]: http function initialized (http://127.0.0.1:5001/meals-to-go-e0c54/us-central1/placesNearby). {"metadata":{"emulator":{"name":"functions"},"message":"\u001b[1mhttp\u001b[22m function initialized (http://127.0.0.1:5001/meals-to-go-e0c54/us-central1/placesNearby)."}}
[info] 
┌─────────────────────────────────────────────────────────────┐
│ ✔  All emulators ready! It is now safe to connect your app. │
│ i  View Emulator UI at http://127.0.0.1:4000/               │
└─────────────────────────────────────────────────────────────┘

┌───────────┬────────────────┬─────────────────────────────────┐
│ Emulator  │ Host:Port      │ View in Emulator UI             │
├───────────┼────────────────┼─────────────────────────────────┤
│ Functions │ 127.0.0.1:5001 │ http://127.0.0.1:4000/functions │
└───────────┴────────────────┴─────────────────────────────────┘
  Emulator Hub running at 127.0.0.1:4400
  Other reserved ports: 4500

Issues? Report them at https://github.com/firebase/firebase-tools/issues and attach the *-debug.log files.
 
[debug] [2023-03-02T16:18:35.447Z] ----------------------------------------------------------------------
[debug] [2023-03-02T16:18:35.448Z] Command:       C:\Program Files\nodejs\node.exe D:\Progs\React Native\MealsToGo\functions\node_modules\firebase-tools\lib\bin\firebase.js functions:shell
[debug] [2023-03-02T16:18:35.449Z] CLI Version:   11.24.0
[debug] [2023-03-02T16:18:35.449Z] Platform:      win32
[debug] [2023-03-02T16:18:35.449Z] Node Version:  v18.0.0
[debug] [2023-03-02T16:18:35.450Z] Time:          Thu Mar 02 2023 21:48:35 GMT+0530 (India Standard Time)
[debug] [2023-03-02T16:18:35.450Z] ----------------------------------------------------------------------
[debug] 
[debug] [2023-03-02T16:18:35.516Z] > command requires scopes: ["email","openid","https://www.googleapis.com/auth/cloudplatformprojects.readonly","https://www.googleapis.com/auth/firebase","https://www.googleapis.com/auth/cloud-platform"]
[debug] [2023-03-02T16:18:35.517Z] > authorizing via signed-in user (hridayanphukan123@gmail.com)
[debug] [2023-03-02T16:18:35.517Z] [iam] checking project meals-to-go-e0c54 for permissions ["firebase.projects.get"]
[debug] [2023-03-02T16:18:35.519Z] >>> [apiv2][query] POST https://cloudresourcemanager.googleapis.com/v1/projects/meals-to-go-e0c54:testIamPermissions [none]
[debug] [2023-03-02T16:18:35.519Z] >>> [apiv2][(partial)header] POST https://cloudresourcemanager.googleapis.com/v1/projects/meals-to-go-e0c54:testIamPermissions x-goog-quota-user=projects/meals-to-go-e0c54
[debug] [2023-03-02T16:18:35.519Z] >>> [apiv2][body] POST https://cloudresourcemanager.googleapis.com/v1/projects/meals-to-go-e0c54:testIamPermissions {"permissions":["firebase.projects.get"]}
[debug] [2023-03-02T16:18:37.176Z] <<< [apiv2][status] POST https://cloudresourcemanager.googleapis.com/v1/projects/meals-to-go-e0c54:testIamPermissions 200
[debug] [2023-03-02T16:18:37.176Z] <<< [apiv2][body] POST https://cloudresourcemanager.googleapis.com/v1/projects/meals-to-go-e0c54:testIamPermissions {"permissions":["firebase.projects.get"]}
[debug] [2023-03-02T16:18:37.177Z] >>> [apiv2][query] GET http://127.0.0.1:4400/emulators [none]
[debug] [2023-03-02T16:18:37.183Z] <<< [apiv2][status] GET http://127.0.0.1:4400/emulators 200
[debug] [2023-03-02T16:18:37.184Z] <<< [apiv2][body] GET http://127.0.0.1:4400/emulators {"hub":{"listen":[{"address":"127.0.0.1","family":"IPv4","port":4400},{"address":"::1","family":"IPv6","port":4400}],"name":"hub","host":"127.0.0.1","port":4400},"ui":{"listen":[{"address":"127.0.0.1","family":"IPv4","port":4000},{"address":"::1","family":"IPv6","port":4000}],"name":"ui","host":"127.0.0.1","port":4000,"pid":28276},"logging":{"listen":[{"address":"127.0.0.1","family":"IPv4","port":4500}],"name":"logging","host":"127.0.0.1","port":4500},"functions":{"name":"functions","host":"127.0.0.1","port":5001},"eventarc":{"name":"eventarc","host":"127.0.0.1","port":9299}}
[debug] [2023-03-02T16:18:37.184Z] Running emulators:  {"hub":{"listen":[{"address":"127.0.0.1","family":"IPv4","port":4400},{"address":"::1","family":"IPv6","port":4400}],"name":"hub","host":"127.0.0.1","port":4400},"ui":{"listen":[{"address":"127.0.0.1","family":"IPv4","port":4000},{"address":"::1","family":"IPv6","port":4000}],"name":"ui","host":"127.0.0.1","port":4000,"pid":28276},"logging":{"listen":[{"address":"127.0.0.1","family":"IPv4","port":4500}],"name":"logging","host":"127.0.0.1","port":4500},"functions":{"name":"functions","host":"127.0.0.1","port":5001},"eventarc":{"name":"eventarc","host":"127.0.0.1","port":9299}}
[warn] !  functions: You are already running the Cloud Functions emulator on port 5001. Running the emulator and the Functions shell simultaenously can result in unexpected behavior. 
[debug] [2023-03-02T16:18:37.187Z] [functions] Functions Emulator only supports listening on one address (127.0.0.1). Not listening on ::1
[debug] [2023-03-02T16:18:37.189Z] defaultcredentials: writing to file C:\Users\hrida\AppData\Roaming\firebase\hridayanphukan123_gmail_com_application_default_credentials.json
[debug] [2023-03-02T16:18:37.190Z] DEBUG: Setting GAC to C:\Users\hrida\AppData\Roaming\firebase\hridayanphukan123_gmail_com_application_default_credentials.json
[debug] [2023-03-02T16:18:37.190Z] >>> [apiv2][query] GET https://firebase.googleapis.com/v1beta1/projects/meals-to-go-e0c54/adminSdkConfig [none]
[debug] [2023-03-02T16:18:37.769Z] <<< [apiv2][status] GET https://firebase.googleapis.com/v1beta1/projects/meals-to-go-e0c54/adminSdkConfig 200
[debug] [2023-03-02T16:18:37.769Z] <<< [apiv2][body] GET https://firebase.googleapis.com/v1beta1/projects/meals-to-go-e0c54/adminSdkConfig {"projectId":"meals-to-go-e0c54","storageBucket":"meals-to-go-e0c54.appspot.com"}
[debug] [2023-03-02T16:18:37.778Z] [functions] Watching "D:\Progs\React Native\MealsToGo\functions" for Cloud Functions...
[debug] [2023-03-02T16:18:37.781Z] Validating nodejs source
[warn] !  functions: package.json indicates an outdated version of firebase-functions. Please upgrade using npm install --save firebase-functions@latest in your functions directory. 
[warn] !  functions: Please note that there will be breaking changes when you upgrade. 
[debug] [2023-03-02T16:18:38.935Z] > [functions] package.json contents: {
  "name": "functions",
  "description": "Cloud Functions for Firebase",
  "scripts": {
    "serve": "firebase emulators:start --only functions",
    "shell": "firebase functions:shell",
    "start": "npm run shell",
    "deploy": "firebase deploy --only functions",
    "logs": "firebase functions:log"
  },
  "engines": {
    "node": "14"
  },
  "main": "index.js",
  "dependencies": {
    "firebase-admin": "^9.2.0",
    "firebase-functions": "^3.11.0",
    "firebase-tools": "^11.24.0"
  },
  "devDependencies": {
    "firebase-functions-test": "^0.2.0"
  },
  "private": true
}
[debug] [2023-03-02T16:18:38.935Z] Building nodejs source
[debug] [2023-03-02T16:18:38.935Z] Failed to find version of module node: reached end of search path D:\Progs\React Native\MealsToGo\functions\node_modules
[warn] !  functions: Your requested "node" version "14" doesn't match your global version "18". Using node@18 from host. 
[warn] !  functions: You are using an old version of firebase-functions SDK (3.13.0). Please update firebase-functions SDK to >=3.20.0 
[debug] [2023-03-02T16:18:39.043Z] [functions] Loaded functions definitions from source: geocode, placesNearby.
[debug] [2023-03-02T16:18:39.044Z] [functions[us-central1-geocode]] http function initialized (http://127.0.0.1:5000/meals-to-go-e0c54/us-central1/geocode).
[debug] [2023-03-02T16:18:39.044Z] [functions[us-central1-placesNearby]] http function initialized (http://127.0.0.1:5000/meals-to-go-e0c54/us-central1/placesNearby).
[info] i  functions: Loaded functions: geocode, placesNearby 
[info] i  functions: Connected to running eventarc emulator at 127.0.0.1:9299, calls to this service will affect the emulator 
[warn] !  functions: The following emulators are not running, calls to these services will affect production: firestore, database, pubsub, storage 
[debug] [2023-03-02T16:28:48.711Z] Functions emulator received unknown request at path /mealstogo-b2612/us-central1/geocode
[debug] [2023-03-02T16:29:25.845Z] Functions emulator received unknown request at path /mealstogo-b2612/us-central1/geocode
[debug] [2023-03-02T16:29:42.105Z] Functions emulator received unknown request at path /mealstogo-b2612/us-central1/geocode
[debug] [2023-03-02T16:30:34.424Z] Functions emulator received unknown request at path /mealstogo-b2612/us-central1/geocode
[debug] [2023-03-02T16:32:36.180Z] [work-queue] {"queuedWork":["/meals-to-go-e0c54/us-central1/geocode-2023-03-02T16:32:36.179Z"],"queueLength":1,"runningWork":[],"workRunningCount":0}
[debug] [2023-03-02T16:32:36.180Z] [work-queue] {"queuedWork":[],"queueLength":0,"runningWork":["/meals-to-go-e0c54/us-central1/geocode-2023-03-02T16:32:36.179Z"],"workRunningCount":1}
[debug] [2023-03-02T16:32:36.180Z] Accepted request GET /meals-to-go-e0c54/us-central1/geocode?city=san%20francisco --> us-central1-geocode
[debug] [2023-03-02T16:32:36.191Z] [functions] Runtime ready! Sending request! {"metadata":{"emulator":{"name":"functions"},"message":"[functions] Runtime ready! Sending request!"}}
[debug] [2023-03-02T16:32:36.191Z] [functions] Got req.url=/meals-to-go-e0c54/us-central1/geocode?city=san%20francisco, mapping to path=/?city=san%20francisco {"metadata":{"emulator":{"name":"functions"},"message":"[functions] Got req.url=/meals-to-go-e0c54/us-central1/geocode?city=san%20francisco, mapping to path=/?city=san%20francisco"}}
[debug] [2023-03-02T16:32:36.202Z] [worker-pool] addWorker(us-central1-geocode) {"metadata":{"emulator":{"name":"functions"},"message":"[worker-pool] addWorker(us-central1-geocode)"}}
[debug] [2023-03-02T16:32:36.203Z] [worker-pool] Adding worker with key us-central1-geocode, total=1 {"metadata":{"emulator":{"name":"functions"},"message":"[worker-pool] Adding worker with key us-central1-geocode, total=1"}}
[debug] [2023-03-02T16:32:37.038Z] [runtime-status] [31772] Resolved module firebase-admin {"declared":true,"installed":true,"version":"9.4.2","resolution":"D:\\Progs\\React Native\\MealsToGo\\functions\\node_modules\\firebase-admin\\lib\\index.js"} {"metadata":{"emulator":{"name":"functions"},"function":{"name":"us-central1-geocode"},"extension":{},"message":"[runtime-status] [31772] Resolved module firebase-admin {\"declared\":true,\"installed\":true,\"version\":\"9.4.2\",\"resolution\":\"D:\\\\Progs\\\\React Native\\\\MealsToGo\\\\functions\\\\node_modules\\\\firebase-admin\\\\lib\\\\index.js\"}"}}
[debug] [2023-03-02T16:32:37.039Z] [runtime-status] [31772] Resolved module firebase-functions {"declared":true,"installed":true,"version":"3.13.0","resolution":"D:\\Progs\\React Native\\MealsToGo\\functions\\node_modules\\firebase-functions\\lib\\index.js"} {"metadata":{"emulator":{"name":"functions"},"function":{"name":"us-central1-geocode"},"extension":{},"message":"[runtime-status] [31772] Resolved module firebase-functions {\"declared\":true,\"installed\":true,\"version\":\"3.13.0\",\"resolution\":\"D:\\\\Progs\\\\React Native\\\\MealsToGo\\\\functions\\\\node_modules\\\\firebase-functions\\\\lib\\\\index.js\"}"}}
[warn] !  The Cloud Functions emulator requires the module "firebase-functions" to be version >3.13.1 so your version is too old. You can probably fix this by running "npm install firebase-functions@latest" in your functions directory. {"metadata":{"emulator":{"name":"functions"},"function":{"name":"us-central1-geocode"},"extension":{},"message":"The Cloud Functions emulator requires the module \"firebase-functions\" to be version >3.13.1 so your version is too old. You can probably fix this by running \"npm install firebase-functions@latest\" in your functions directory."}}
[info] i  functions: Your functions could not be parsed due to an issue with your node_modules (see above) {"metadata":{"emulator":{"name":"functions"},"function":{"name":"us-central1-geocode"},"extension":{},"message":"Your functions could not be parsed due to an issue with your node_modules (see above)"}}
[debug] [2023-03-02T16:32:37.079Z] [runtime-status] [31772] Functions runtime initialized. {"cwd":"D:\\Progs\\React Native\\MealsToGo\\functions","node_version":"18.0.0"} {"metadata":{"emulator":{"name":"functions"},"function":{"name":"us-central1-geocode"},"extension":{},"message":"[runtime-status] [31772] Functions runtime initialized. {\"cwd\":\"D:\\\\Progs\\\\React Native\\\\MealsToGo\\\\functions\",\"node_version\":\"18.0.0\"}"}}
[debug] [2023-03-02T16:32:37.079Z] [runtime-status] [31772] Listening to port: \\?\pipe\fire_emu_e248cfe6ccecbeac {"metadata":{"emulator":{"name":"functions"},"function":{"name":"us-central1-geocode"},"extension":{},"message":"[runtime-status] [31772] Listening to port: \\\\?\\pipe\\fire_emu_e248cfe6ccecbeac"}}
[debug] [2023-03-02T16:32:37.190Z] [worker-us-central1-geocode-e3bcf14b-e54b-4941-9590-a3406d70353a]: IDLE {"metadata":{"emulator":{"name":"functions"},"function":{"name":"us-central1-geocode"},"extension":{},"message":"[worker-us-central1-geocode-e3bcf14b-e54b-4941-9590-a3406d70353a]: IDLE"}}
[debug] [2023-03-02T16:32:37.190Z] [worker-pool] submitRequest(triggerId=us-central1-geocode) {"metadata":{"emulator":{"name":"functions"},"message":"[worker-pool] submitRequest(triggerId=us-central1-geocode)"}}
[info] i  functions: Beginning execution of "us-central1-geocode" {"metadata":{"emulator":{"name":"functions"},"function":{"name":"us-central1-geocode"},"extension":{},"message":"Beginning execution of \"us-central1-geocode\""}}
[debug] [2023-03-02T16:32:37.191Z] [worker-us-central1-geocode-e3bcf14b-e54b-4941-9590-a3406d70353a]: BUSY {"metadata":{"emulator":{"name":"functions"},"function":{"name":"us-central1-geocode"},"extension":{},"message":"[worker-us-central1-geocode-e3bcf14b-e54b-4941-9590-a3406d70353a]: BUSY"}}
[info] i  functions: Finished "us-central1-geocode" in 5.681ms {"metadata":{"emulator":{"name":"functions"},"function":{"name":"us-central1-geocode"},"extension":{},"message":"Finished \"us-central1-geocode\" in 5.681ms"}}
[debug] [2023-03-02T16:32:37.197Z] [worker-us-central1-geocode-e3bcf14b-e54b-4941-9590-a3406d70353a]: IDLE {"metadata":{"emulator":{"name":"functions"},"function":{"name":"us-central1-geocode"},"extension":{},"message":"[worker-us-central1-geocode-e3bcf14b-e54b-4941-9590-a3406d70353a]: IDLE"}}
[debug] [2023-03-02T16:32:37.197Z] [work-queue] {"queuedWork":[],"queueLength":0,"runningWork":[],"workRunningCount":0}
[debug] [2023-03-02T16:32:38.957Z] [work-queue] {"queuedWork":["/meals-to-go-e0c54/us-central1/placesNearby-2023-03-02T16:32:38.957Z"],"queueLength":1,"runningWork":[],"workRunningCount":0}
[debug] [2023-03-02T16:32:38.957Z] [work-queue] {"queuedWork":[],"queueLength":0,"runningWork":["/meals-to-go-e0c54/us-central1/placesNearby-2023-03-02T16:32:38.957Z"],"workRunningCount":1}
[debug] [2023-03-02T16:32:38.957Z] Accepted request GET /meals-to-go-e0c54/us-central1/placesNearby?location=37.7749295,-122.4194155 --> us-central1-placesNearby
[debug] [2023-03-02T16:32:38.966Z] [functions] Runtime ready! Sending request! {"metadata":{"emulator":{"name":"functions"},"message":"[functions] Runtime ready! Sending request!"}}
[debug] [2023-03-02T16:32:38.967Z] [functions] Got req.url=/meals-to-go-e0c54/us-central1/placesNearby?location=37.7749295,-122.4194155, mapping to path=/?location=37.7749295,-122.4194155 {"metadata":{"emulator":{"name":"functions"},"message":"[functions] Got req.url=/meals-to-go-e0c54/us-central1/placesNearby?location=37.7749295,-122.4194155, mapping to path=/?location=37.7749295,-122.4194155"}}
[debug] [2023-03-02T16:32:38.975Z] [worker-pool] addWorker(us-central1-placesNearby) {"metadata":{"emulator":{"name":"functions"},"message":"[worker-pool] addWorker(us-central1-placesNearby)"}}
[debug] [2023-03-02T16:32:38.975Z] [worker-pool] Adding worker with key us-central1-placesNearby, total=1 {"metadata":{"emulator":{"name":"functions"},"message":"[worker-pool] Adding worker with key us-central1-placesNearby, total=1"}}
[debug] [2023-03-02T16:32:39.802Z] [runtime-status] [28096] Resolved module firebase-admin {"declared":true,"installed":true,"version":"9.4.2","resolution":"D:\\Progs\\React Native\\MealsToGo\\functions\\node_modules\\firebase-admin\\lib\\index.js"} {"metadata":{"emulator":{"name":"functions"},"function":{"name":"us-central1-placesNearby"},"extension":{},"message":"[runtime-status] [28096] Resolved module firebase-admin {\"declared\":true,\"installed\":true,\"version\":\"9.4.2\",\"resolution\":\"D:\\\\Progs\\\\React Native\\\\MealsToGo\\\\functions\\\\node_modules\\\\firebase-admin\\\\lib\\\\index.js\"}"}}
[debug] [2023-03-02T16:32:39.803Z] [runtime-status] [28096] Resolved module firebase-functions {"declared":true,"installed":true,"version":"3.13.0","resolution":"D:\\Progs\\React Native\\MealsToGo\\functions\\node_modules\\firebase-functions\\lib\\index.js"} {"metadata":{"emulator":{"name":"functions"},"function":{"name":"us-central1-placesNearby"},"extension":{},"message":"[runtime-status] [28096] Resolved module firebase-functions {\"declared\":true,\"installed\":true,\"version\":\"3.13.0\",\"resolution\":\"D:\\\\Progs\\\\React Native\\\\MealsToGo\\\\functions\\\\node_modules\\\\firebase-functions\\\\lib\\\\index.js\"}"}}
[warn] !  The Cloud Functions emulator requires the module "firebase-functions" to be version >3.13.1 so your version is too old. You can probably fix this by running "npm install firebase-functions@latest" in your functions directory. {"metadata":{"emulator":{"name":"functions"},"function":{"name":"us-central1-placesNearby"},"extension":{},"message":"The Cloud Functions emulator requires the module \"firebase-functions\" to be version >3.13.1 so your version is too old. You can probably fix this by running \"npm install firebase-functions@latest\" in your functions directory."}}
[info] i  functions: Your functions could not be parsed due to an issue with your node_modules (see above) {"metadata":{"emulator":{"name":"functions"},"function":{"name":"us-central1-placesNearby"},"extension":{},"message":"Your functions could not be parsed due to an issue with your node_modules (see above)"}}
[debug] [2023-03-02T16:32:39.847Z] [runtime-status] [28096] Functions runtime initialized. {"cwd":"D:\\Progs\\React Native\\MealsToGo\\functions","node_version":"18.0.0"} {"metadata":{"emulator":{"name":"functions"},"function":{"name":"us-central1-placesNearby"},"extension":{},"message":"[runtime-status] [28096] Functions runtime initialized. {\"cwd\":\"D:\\\\Progs\\\\React Native\\\\MealsToGo\\\\functions\",\"node_version\":\"18.0.0\"}"}}
[debug] [2023-03-02T16:32:39.847Z] [runtime-status] [28096] Listening to port: \\?\pipe\fire_emu_0a9f588dbce50465 {"metadata":{"emulator":{"name":"functions"},"function":{"name":"us-central1-placesNearby"},"extension":{},"message":"[runtime-status] [28096] Listening to port: \\\\?\\pipe\\fire_emu_0a9f588dbce50465"}}
[debug] [2023-03-02T16:32:39.957Z] [worker-us-central1-placesNearby-62db16cd-2b5d-4d7e-bc73-09b1a8e1c3d2]: IDLE {"metadata":{"emulator":{"name":"functions"},"function":{"name":"us-central1-placesNearby"},"extension":{},"message":"[worker-us-central1-placesNearby-62db16cd-2b5d-4d7e-bc73-09b1a8e1c3d2]: IDLE"}}
[debug] [2023-03-02T16:32:39.957Z] [worker-pool] submitRequest(triggerId=us-central1-placesNearby) {"metadata":{"emulator":{"name":"functions"},"message":"[worker-pool] submitRequest(triggerId=us-central1-placesNearby)"}}
[info] i  functions: Beginning execution of "us-central1-placesNearby" {"metadata":{"emulator":{"name":"functions"},"function":{"name":"us-central1-placesNearby"},"extension":{},"message":"Beginning execution of \"us-central1-placesNearby\""}}
[debug] [2023-03-02T16:32:39.958Z] [worker-us-central1-placesNearby-62db16cd-2b5d-4d7e-bc73-09b1a8e1c3d2]: BUSY {"metadata":{"emulator":{"name":"functions"},"function":{"name":"us-central1-placesNearby"},"extension":{},"message":"[worker-us-central1-placesNearby-62db16cd-2b5d-4d7e-bc73-09b1a8e1c3d2]: BUSY"}}
[info] i  functions: Finished "us-central1-placesNearby" in 6.5456ms {"metadata":{"emulator":{"name":"functions"},"function":{"name":"us-central1-placesNearby"},"extension":{},"message":"Finished \"us-central1-placesNearby\" in 6.5456ms"}}
[debug] [2023-03-02T16:32:39.966Z] [worker-us-central1-placesNearby-62db16cd-2b5d-4d7e-bc73-09b1a8e1c3d2]: IDLE {"metadata":{"emulator":{"name":"functions"},"function":{"name":"us-central1-placesNearby"},"extension":{},"message":"[worker-us-central1-placesNearby-62db16cd-2b5d-4d7e-bc73-09b1a8e1c3d2]: IDLE"}}
[debug] [2023-03-02T16:32:39.966Z] [work-queue] {"queuedWork":[],"queueLength":0,"runningWork":[],"workRunningCount":0}
[debug] [2023-03-02T16:41:07.214Z] [work-queue] {"queuedWork":["/meals-to-go-e0c54/us-central1/geocode-2023-03-02T16:41:07.214Z"],"queueLength":1,"runningWork":[],"workRunningCount":0}
[debug] [2023-03-02T16:41:07.214Z] [work-queue] {"queuedWork":[],"queueLength":0,"runningWork":["/meals-to-go-e0c54/us-central1/geocode-2023-03-02T16:41:07.214Z"],"workRunningCount":1}
[debug] [2023-03-02T16:41:07.214Z] Accepted request GET /meals-to-go-e0c54/us-central1/geocode?city=san%20francisco --> us-central1-geocode
[debug] [2023-03-02T16:41:07.223Z] [functions] Runtime ready! Sending request! {"metadata":{"emulator":{"name":"functions"},"message":"[functions] Runtime ready! Sending request!"}}
[debug] [2023-03-02T16:41:07.223Z] [functions] Got req.url=/meals-to-go-e0c54/us-central1/geocode?city=san%20francisco, mapping to path=/?city=san%20francisco {"metadata":{"emulator":{"name":"functions"},"message":"[functions] Got req.url=/meals-to-go-e0c54/us-central1/geocode?city=san%20francisco, mapping to path=/?city=san%20francisco"}}
[debug] [2023-03-02T16:41:07.223Z] [worker-pool] submitRequest(triggerId=us-central1-geocode) {"metadata":{"emulator":{"name":"functions"},"message":"[worker-pool] submitRequest(triggerId=us-central1-geocode)"}}
[info] i  functions: Beginning execution of "us-central1-geocode" {"metadata":{"emulator":{"name":"functions"},"function":{"name":"us-central1-geocode"},"extension":{},"message":"Beginning execution of \"us-central1-geocode\""}}
[debug] [2023-03-02T16:41:07.224Z] [worker-us-central1-geocode-e3bcf14b-e54b-4941-9590-a3406d70353a]: BUSY {"metadata":{"emulator":{"name":"functions"},"function":{"name":"us-central1-geocode"},"extension":{},"message":"[worker-us-central1-geocode-e3bcf14b-e54b-4941-9590-a3406d70353a]: BUSY"}}
[info] i  functions: Finished "us-central1-geocode" in 3.1098ms {"metadata":{"emulator":{"name":"functions"},"function":{"name":"us-central1-geocode"},"extension":{},"message":"Finished \"us-central1-geocode\" in 3.1098ms"}}
[debug] [2023-03-02T16:41:07.228Z] [worker-us-central1-geocode-e3bcf14b-e54b-4941-9590-a3406d70353a]: IDLE {"metadata":{"emulator":{"name":"functions"},"function":{"name":"us-central1-geocode"},"extension":{},"message":"[worker-us-central1-geocode-e3bcf14b-e54b-4941-9590-a3406d70353a]: IDLE"}}
[debug] [2023-03-02T16:41:07.228Z] [work-queue] {"queuedWork":[],"queueLength":0,"runningWork":[],"workRunningCount":0}
[debug] [2023-03-02T16:41:08.715Z] [work-queue] {"queuedWork":["/meals-to-go-e0c54/us-central1/placesNearby-2023-03-02T16:41:08.714Z"],"queueLength":1,"runningWork":[],"workRunningCount":0}
[debug] [2023-03-02T16:41:08.715Z] [work-queue] {"queuedWork":[],"queueLength":0,"runningWork":["/meals-to-go-e0c54/us-central1/placesNearby-2023-03-02T16:41:08.714Z"],"workRunningCount":1}
[debug] [2023-03-02T16:41:08.715Z] Accepted request GET /meals-to-go-e0c54/us-central1/placesNearby?location=37.7749295,-122.4194155 --> us-central1-placesNearby
[debug] [2023-03-02T16:41:08.724Z] [functions] Runtime ready! Sending request! {"metadata":{"emulator":{"name":"functions"},"message":"[functions] Runtime ready! Sending request!"}}
[debug] [2023-03-02T16:41:08.724Z] [functions] Got req.url=/meals-to-go-e0c54/us-central1/placesNearby?location=37.7749295,-122.4194155, mapping to path=/?location=37.7749295,-122.4194155 {"metadata":{"emulator":{"name":"functions"},"message":"[functions] Got req.url=/meals-to-go-e0c54/us-central1/placesNearby?location=37.7749295,-122.4194155, mapping to path=/?location=37.7749295,-122.4194155"}}
[debug] [2023-03-02T16:41:08.724Z] [worker-pool] submitRequest(triggerId=us-central1-placesNearby) {"metadata":{"emulator":{"name":"functions"},"message":"[worker-pool] submitRequest(triggerId=us-central1-placesNearby)"}}
[info] i  functions: Beginning execution of "us-central1-placesNearby" {"metadata":{"emulator":{"name":"functions"},"function":{"name":"us-central1-placesNearby"},"extension":{},"message":"Beginning execution of \"us-central1-placesNearby\""}}
[debug] [2023-03-02T16:41:08.725Z] [worker-us-central1-placesNearby-62db16cd-2b5d-4d7e-bc73-09b1a8e1c3d2]: BUSY {"metadata":{"emulator":{"name":"functions"},"function":{"name":"us-central1-placesNearby"},"extension":{},"message":"[worker-us-central1-placesNearby-62db16cd-2b5d-4d7e-bc73-09b1a8e1c3d2]: BUSY"}}
[info] i  functions: Finished "us-central1-placesNearby" in 2.905ms {"metadata":{"emulator":{"name":"functions"},"function":{"name":"us-central1-placesNearby"},"extension":{},"message":"Finished \"us-central1-placesNearby\" in 2.905ms"}}
[debug] [2023-03-02T16:41:08.728Z] [worker-us-central1-placesNearby-62db16cd-2b5d-4d7e-bc73-09b1a8e1c3d2]: IDLE {"metadata":{"emulator":{"name":"functions"},"function":{"name":"us-central1-placesNearby"},"extension":{},"message":"[worker-us-central1-placesNearby-62db16cd-2b5d-4d7e-bc73-09b1a8e1c3d2]: IDLE"}}
[debug] [2023-03-02T16:41:08.728Z] [work-queue] {"queuedWork":[],"queueLength":0,"runningWork":[],"workRunningCount":0}
[debug] [2023-03-02T16:45:59.389Z] [work-queue] {"queuedWork":["/meals-to-go-e0c54/us-central1/geocode-2023-03-02T16:45:59.389Z"],"queueLength":1,"runningWork":[],"workRunningCount":0}
[debug] [2023-03-02T16:45:59.389Z] [work-queue] {"queuedWork":[],"queueLength":0,"runningWork":["/meals-to-go-e0c54/us-central1/geocode-2023-03-02T16:45:59.389Z"],"workRunningCount":1}
[debug] [2023-03-02T16:45:59.389Z] Accepted request GET /meals-to-go-e0c54/us-central1/geocode?city=san%20francisco --> us-central1-geocode
[debug] [2023-03-02T16:45:59.399Z] [functions] Runtime ready! Sending request! {"metadata":{"emulator":{"name":"functions"},"message":"[functions] Runtime ready! Sending request!"}}
[debug] [2023-03-02T16:45:59.400Z] [functions] Got req.url=/meals-to-go-e0c54/us-central1/geocode?city=san%20francisco, mapping to path=/?city=san%20francisco {"metadata":{"emulator":{"name":"functions"},"message":"[functions] Got req.url=/meals-to-go-e0c54/us-central1/geocode?city=san%20francisco, mapping to path=/?city=san%20francisco"}}
[debug] [2023-03-02T16:45:59.400Z] [worker-pool] submitRequest(triggerId=us-central1-geocode) {"metadata":{"emulator":{"name":"functions"},"message":"[worker-pool] submitRequest(triggerId=us-central1-geocode)"}}
[info] i  functions: Beginning execution of "us-central1-geocode" {"metadata":{"emulator":{"name":"functions"},"function":{"name":"us-central1-geocode"},"extension":{},"message":"Beginning execution of \"us-central1-geocode\""}}
[debug] [2023-03-02T16:45:59.401Z] [worker-us-central1-geocode-e3bcf14b-e54b-4941-9590-a3406d70353a]: BUSY {"metadata":{"emulator":{"name":"functions"},"function":{"name":"us-central1-geocode"},"extension":{},"message":"[worker-us-central1-geocode-e3bcf14b-e54b-4941-9590-a3406d70353a]: BUSY"}}
[info] i  functions: Finished "us-central1-geocode" in 2.8387ms {"metadata":{"emulator":{"name":"functions"},"function":{"name":"us-central1-geocode"},"extension":{},"message":"Finished \"us-central1-geocode\" in 2.8387ms"}}
[debug] [2023-03-02T16:45:59.404Z] [worker-us-central1-geocode-e3bcf14b-e54b-4941-9590-a3406d70353a]: IDLE {"metadata":{"emulator":{"name":"functions"},"function":{"name":"us-central1-geocode"},"extension":{},"message":"[worker-us-central1-geocode-e3bcf14b-e54b-4941-9590-a3406d70353a]: IDLE"}}
[debug] [2023-03-02T16:45:59.405Z] [work-queue] {"queuedWork":[],"queueLength":0,"runningWork":[],"workRunningCount":0}
[debug] [2023-03-02T16:46:00.904Z] [work-queue] {"queuedWork":["/meals-to-go-e0c54/us-central1/placesNearby-2023-03-02T16:46:00.904Z"],"queueLength":1,"runningWork":[],"workRunningCount":0}
[debug] [2023-03-02T16:46:00.904Z] [work-queue] {"queuedWork":[],"queueLength":0,"runningWork":["/meals-to-go-e0c54/us-central1/placesNearby-2023-03-02T16:46:00.904Z"],"workRunningCount":1}
[debug] [2023-03-02T16:46:00.904Z] Accepted request GET /meals-to-go-e0c54/us-central1/placesNearby?location=37.7749295,-122.4194155 --> us-central1-placesNearby
[debug] [2023-03-02T16:46:00.913Z] [functions] Runtime ready! Sending request! {"metadata":{"emulator":{"name":"functions"},"message":"[functions] Runtime ready! Sending request!"}}
[debug] [2023-03-02T16:46:00.913Z] [functions] Got req.url=/meals-to-go-e0c54/us-central1/placesNearby?location=37.7749295,-122.4194155, mapping to path=/?location=37.7749295,-122.4194155 {"metadata":{"emulator":{"name":"functions"},"message":"[functions] Got req.url=/meals-to-go-e0c54/us-central1/placesNearby?location=37.7749295,-122.4194155, mapping to path=/?location=37.7749295,-122.4194155"}}
[debug] [2023-03-02T16:46:00.913Z] [worker-pool] submitRequest(triggerId=us-central1-placesNearby) {"metadata":{"emulator":{"name":"functions"},"message":"[worker-pool] submitRequest(triggerId=us-central1-placesNearby)"}}
[info] i  functions: Beginning execution of "us-central1-placesNearby" {"metadata":{"emulator":{"name":"functions"},"function":{"name":"us-central1-placesNearby"},"extension":{},"message":"Beginning execution of \"us-central1-placesNearby\""}}
[debug] [2023-03-02T16:46:00.914Z] [worker-us-central1-placesNearby-62db16cd-2b5d-4d7e-bc73-09b1a8e1c3d2]: BUSY {"metadata":{"emulator":{"name":"functions"},"function":{"name":"us-central1-placesNearby"},"extension":{},"message":"[worker-us-central1-placesNearby-62db16cd-2b5d-4d7e-bc73-09b1a8e1c3d2]: BUSY"}}
[info] i  functions: Finished "us-central1-placesNearby" in 2.6421ms {"metadata":{"emulator":{"name":"functions"},"function":{"name":"us-central1-placesNearby"},"extension":{},"message":"Finished \"us-central1-placesNearby\" in 2.6421ms"}}
[debug] [2023-03-02T16:46:00.917Z] [worker-us-central1-placesNearby-62db16cd-2b5d-4d7e-bc73-09b1a8e1c3d2]: IDLE {"metadata":{"emulator":{"name":"functions"},"function":{"name":"us-central1-placesNearby"},"extension":{},"message":"[worker-us-central1-placesNearby-62db16cd-2b5d-4d7e-bc73-09b1a8e1c3d2]: IDLE"}}
[debug] [2023-03-02T16:46:00.917Z] [work-queue] {"queuedWork":[],"queueLength":0,"runningWork":[],"workRunningCount":0}
[debug] [2023-03-02T16:46:12.226Z] [work-queue] {"queuedWork":["/meals-to-go-e0c54/us-central1/geocode-2023-03-02T16:46:12.226Z"],"queueLength":1,"runningWork":[],"workRunningCount":0}
[debug] [2023-03-02T16:46:12.227Z] [work-queue] {"queuedWork":[],"queueLength":0,"runningWork":["/meals-to-go-e0c54/us-central1/geocode-2023-03-02T16:46:12.226Z"],"workRunningCount":1}
[debug] [2023-03-02T16:46:12.227Z] Accepted request GET /meals-to-go-e0c54/us-central1/geocode?city=san%20francisco --> us-central1-geocode
[debug] [2023-03-02T16:46:12.236Z] [functions] Runtime ready! Sending request! {"metadata":{"emulator":{"name":"functions"},"message":"[functions] Runtime ready! Sending request!"}}
[debug] [2023-03-02T16:46:12.236Z] [functions] Got req.url=/meals-to-go-e0c54/us-central1/geocode?city=san%20francisco, mapping to path=/?city=san%20francisco {"metadata":{"emulator":{"name":"functions"},"message":"[functions] Got req.url=/meals-to-go-e0c54/us-central1/geocode?city=san%20francisco, mapping to path=/?city=san%20francisco"}}
[debug] [2023-03-02T16:46:12.236Z] [worker-pool] submitRequest(triggerId=us-central1-geocode) {"metadata":{"emulator":{"name":"functions"},"message":"[worker-pool] submitRequest(triggerId=us-central1-geocode)"}}
[info] i  functions: Beginning execution of "us-central1-geocode" {"metadata":{"emulator":{"name":"functions"},"function":{"name":"us-central1-geocode"},"extension":{},"message":"Beginning execution of \"us-central1-geocode\""}}
[debug] [2023-03-02T16:46:12.237Z] [worker-us-central1-geocode-e3bcf14b-e54b-4941-9590-a3406d70353a]: BUSY {"metadata":{"emulator":{"name":"functions"},"function":{"name":"us-central1-geocode"},"extension":{},"message":"[worker-us-central1-geocode-e3bcf14b-e54b-4941-9590-a3406d70353a]: BUSY"}}
[info] i  functions: Finished "us-central1-geocode" in 1.804ms {"metadata":{"emulator":{"name":"functions"},"function":{"name":"us-central1-geocode"},"extension":{},"message":"Finished \"us-central1-geocode\" in 1.804ms"}}
[debug] [2023-03-02T16:46:12.239Z] [worker-us-central1-geocode-e3bcf14b-e54b-4941-9590-a3406d70353a]: IDLE {"metadata":{"emulator":{"name":"functions"},"function":{"name":"us-central1-geocode"},"extension":{},"message":"[worker-us-central1-geocode-e3bcf14b-e54b-4941-9590-a3406d70353a]: IDLE"}}
[debug] [2023-03-02T16:46:12.240Z] [work-queue] {"queuedWork":[],"queueLength":0,"runningWork":[],"workRunningCount":0}
[debug] [2023-03-02T16:46:12.836Z] [work-queue] {"queuedWork":["/meals-to-go-e0c54/us-central1/placesNearby-2023-03-02T16:46:12.836Z"],"queueLength":1,"runningWork":[],"workRunningCount":0}
[debug] [2023-03-02T16:46:12.837Z] [work-queue] {"queuedWork":[],"queueLength":0,"runningWork":["/meals-to-go-e0c54/us-central1/placesNearby-2023-03-02T16:46:12.836Z"],"workRunningCount":1}
[debug] [2023-03-02T16:46:12.837Z] Accepted request GET /meals-to-go-e0c54/us-central1/placesNearby?location=37.7749295,-122.4194155 --> us-central1-placesNearby
[debug] [2023-03-02T16:46:12.845Z] [functions] Runtime ready! Sending request! {"metadata":{"emulator":{"name":"functions"},"message":"[functions] Runtime ready! Sending request!"}}
[debug] [2023-03-02T16:46:12.846Z] [functions] Got req.url=/meals-to-go-e0c54/us-central1/placesNearby?location=37.7749295,-122.4194155, mapping to path=/?location=37.7749295,-122.4194155 {"metadata":{"emulator":{"name":"functions"},"message":"[functions] Got req.url=/meals-to-go-e0c54/us-central1/placesNearby?location=37.7749295,-122.4194155, mapping to path=/?location=37.7749295,-122.4194155"}}
[debug] [2023-03-02T16:46:12.846Z] [worker-pool] submitRequest(triggerId=us-central1-placesNearby) {"metadata":{"emulator":{"name":"functions"},"message":"[worker-pool] submitRequest(triggerId=us-central1-placesNearby)"}}
[info] i  functions: Beginning execution of "us-central1-placesNearby" {"metadata":{"emulator":{"name":"functions"},"function":{"name":"us-central1-placesNearby"},"extension":{},"message":"Beginning execution of \"us-central1-placesNearby\""}}
[debug] [2023-03-02T16:46:12.846Z] [worker-us-central1-placesNearby-62db16cd-2b5d-4d7e-bc73-09b1a8e1c3d2]: BUSY {"metadata":{"emulator":{"name":"functions"},"function":{"name":"us-central1-placesNearby"},"extension":{},"message":"[worker-us-central1-placesNearby-62db16cd-2b5d-4d7e-bc73-09b1a8e1c3d2]: BUSY"}}
[info] i  functions: Finished "us-central1-placesNearby" in 2.1393ms {"metadata":{"emulator":{"name":"functions"},"function":{"name":"us-central1-placesNearby"},"extension":{},"message":"Finished \"us-central1-placesNearby\" in 2.1393ms"}}
[debug] [2023-03-02T16:46:12.849Z] [worker-us-central1-placesNearby-62db16cd-2b5d-4d7e-bc73-09b1a8e1c3d2]: IDLE {"metadata":{"emulator":{"name":"functions"},"function":{"name":"us-central1-placesNearby"},"extension":{},"message":"[worker-us-central1-placesNearby-62db16cd-2b5d-4d7e-bc73-09b1a8e1c3d2]: IDLE"}}
[debug] [2023-03-02T16:46:12.849Z] [work-queue] {"queuedWork":[],"queueLength":0,"runningWork":[],"workRunningCount":0}
[debug] [2023-03-02T16:47:38.730Z] [work-queue] {"queuedWork":["/meals-to-go-e0c54/us-central1/geocode-2023-03-02T16:47:38.730Z"],"queueLength":1,"runningWork":[],"workRunningCount":0}
[debug] [2023-03-02T16:47:38.730Z] [work-queue] {"queuedWork":[],"queueLength":0,"runningWork":["/meals-to-go-e0c54/us-central1/geocode-2023-03-02T16:47:38.730Z"],"workRunningCount":1}
[debug] [2023-03-02T16:47:38.730Z] Accepted request GET /meals-to-go-e0c54/us-central1/geocode?city=san%20francisco --> us-central1-geocode
[debug] [2023-03-02T16:47:38.739Z] [functions] Runtime ready! Sending request! {"metadata":{"emulator":{"name":"functions"},"message":"[functions] Runtime ready! Sending request!"}}
[debug] [2023-03-02T16:47:38.740Z] [functions] Got req.url=/meals-to-go-e0c54/us-central1/geocode?city=san%20francisco, mapping to path=/?city=san%20francisco {"metadata":{"emulator":{"name":"functions"},"message":"[functions] Got req.url=/meals-to-go-e0c54/us-central1/geocode?city=san%20francisco, mapping to path=/?city=san%20francisco"}}
[debug] [2023-03-02T16:47:38.740Z] [worker-pool] submitRequest(triggerId=us-central1-geocode) {"metadata":{"emulator":{"name":"functions"},"message":"[worker-pool] submitRequest(triggerId=us-central1-geocode)"}}
[info] i  functions: Beginning execution of "us-central1-geocode" {"metadata":{"emulator":{"name":"functions"},"function":{"name":"us-central1-geocode"},"extension":{},"message":"Beginning execution of \"us-central1-geocode\""}}
[debug] [2023-03-02T16:47:38.740Z] [worker-us-central1-geocode-e3bcf14b-e54b-4941-9590-a3406d70353a]: BUSY {"metadata":{"emulator":{"name":"functions"},"function":{"name":"us-central1-geocode"},"extension":{},"message":"[worker-us-central1-geocode-e3bcf14b-e54b-4941-9590-a3406d70353a]: BUSY"}}
[info] i  functions: Finished "us-central1-geocode" in 2.4277ms {"metadata":{"emulator":{"name":"functions"},"function":{"name":"us-central1-geocode"},"extension":{},"message":"Finished \"us-central1-geocode\" in 2.4277ms"}}
[debug] [2023-03-02T16:47:38.743Z] [worker-us-central1-geocode-e3bcf14b-e54b-4941-9590-a3406d70353a]: IDLE {"metadata":{"emulator":{"name":"functions"},"function":{"name":"us-central1-geocode"},"extension":{},"message":"[worker-us-central1-geocode-e3bcf14b-e54b-4941-9590-a3406d70353a]: IDLE"}}
[debug] [2023-03-02T16:47:38.743Z] [work-queue] {"queuedWork":[],"queueLength":0,"runningWork":[],"workRunningCount":0}
[debug] [2023-03-02T16:47:40.227Z] [work-queue] {"queuedWork":["/meals-to-go-e0c54/us-central1/placesNearby-2023-03-02T16:47:40.227Z"],"queueLength":1,"runningWork":[],"workRunningCount":0}
[debug] [2023-03-02T16:47:40.228Z] [work-queue] {"queuedWork":[],"queueLength":0,"runningWork":["/meals-to-go-e0c54/us-central1/placesNearby-2023-03-02T16:47:40.227Z"],"workRunningCount":1}
[debug] [2023-03-02T16:47:40.228Z] Accepted request GET /meals-to-go-e0c54/us-central1/placesNearby?location=37.7749295,-122.4194155 --> us-central1-placesNearby
[debug] [2023-03-02T16:47:40.236Z] [functions] Runtime ready! Sending request! {"metadata":{"emulator":{"name":"functions"},"message":"[functions] Runtime ready! Sending request!"}}
[debug] [2023-03-02T16:47:40.236Z] [functions] Got req.url=/meals-to-go-e0c54/us-central1/placesNearby?location=37.7749295,-122.4194155, mapping to path=/?location=37.7749295,-122.4194155 {"metadata":{"emulator":{"name":"functions"},"message":"[functions] Got req.url=/meals-to-go-e0c54/us-central1/placesNearby?location=37.7749295,-122.4194155, mapping to path=/?location=37.7749295,-122.4194155"}}
[debug] [2023-03-02T16:47:40.236Z] [worker-pool] submitRequest(triggerId=us-central1-placesNearby) {"metadata":{"emulator":{"name":"functions"},"message":"[worker-pool] submitRequest(triggerId=us-central1-placesNearby)"}}
[info] i  functions: Beginning execution of "us-central1-placesNearby" {"metadata":{"emulator":{"name":"functions"},"function":{"name":"us-central1-placesNearby"},"extension":{},"message":"Beginning execution of \"us-central1-placesNearby\""}}
[debug] [2023-03-02T16:47:40.236Z] [worker-us-central1-placesNearby-62db16cd-2b5d-4d7e-bc73-09b1a8e1c3d2]: BUSY {"metadata":{"emulator":{"name":"functions"},"function":{"name":"us-central1-placesNearby"},"extension":{},"message":"[worker-us-central1-placesNearby-62db16cd-2b5d-4d7e-bc73-09b1a8e1c3d2]: BUSY"}}
[info] i  functions: Finished "us-central1-placesNearby" in 2.1731ms {"metadata":{"emulator":{"name":"functions"},"function":{"name":"us-central1-placesNearby"},"extension":{},"message":"Finished \"us-central1-placesNearby\" in 2.1731ms"}}
[debug] [2023-03-02T16:47:40.239Z] [worker-us-central1-placesNearby-62db16cd-2b5d-4d7e-bc73-09b1a8e1c3d2]: IDLE {"metadata":{"emulator":{"name":"functions"},"function":{"name":"us-central1-placesNearby"},"extension":{},"message":"[worker-us-central1-placesNearby-62db16cd-2b5d-4d7e-bc73-09b1a8e1c3d2]: IDLE"}}
[debug] [2023-03-02T16:47:40.240Z] [work-queue] {"queuedWork":[],"queueLength":0,"runningWork":[],"workRunningCount":0}
[debug] [2023-03-02T16:49:13.430Z] [work-queue] {"queuedWork":["/meals-to-go-e0c54/us-central1/geocode-2023-03-02T16:49:13.430Z"],"queueLength":1,"runningWork":[],"workRunningCount":0}
[debug] [2023-03-02T16:49:13.430Z] [work-queue] {"queuedWork":[],"queueLength":0,"runningWork":["/meals-to-go-e0c54/us-central1/geocode-2023-03-02T16:49:13.430Z"],"workRunningCount":1}
[debug] [2023-03-02T16:49:13.430Z] Accepted request GET /meals-to-go-e0c54/us-central1/geocode?city=san%20francisco --> us-central1-geocode
[debug] [2023-03-02T16:49:13.438Z] [functions] Runtime ready! Sending request! {"metadata":{"emulator":{"name":"functions"},"message":"[functions] Runtime ready! Sending request!"}}
[debug] [2023-03-02T16:49:13.438Z] [functions] Got req.url=/meals-to-go-e0c54/us-central1/geocode?city=san%20francisco, mapping to path=/?city=san%20francisco {"metadata":{"emulator":{"name":"functions"},"message":"[functions] Got req.url=/meals-to-go-e0c54/us-central1/geocode?city=san%20francisco, mapping to path=/?city=san%20francisco"}}
[debug] [2023-03-02T16:49:13.438Z] [worker-pool] submitRequest(triggerId=us-central1-geocode) {"metadata":{"emulator":{"name":"functions"},"message":"[worker-pool] submitRequest(triggerId=us-central1-geocode)"}}
[info] i  functions: Beginning execution of "us-central1-geocode" {"metadata":{"emulator":{"name":"functions"},"function":{"name":"us-central1-geocode"},"extension":{},"message":"Beginning execution of \"us-central1-geocode\""}}
[debug] [2023-03-02T16:49:13.439Z] [worker-us-central1-geocode-e3bcf14b-e54b-4941-9590-a3406d70353a]: BUSY {"metadata":{"emulator":{"name":"functions"},"function":{"name":"us-central1-geocode"},"extension":{},"message":"[worker-us-central1-geocode-e3bcf14b-e54b-4941-9590-a3406d70353a]: BUSY"}}
[info] i  functions: Finished "us-central1-geocode" in 1.9642ms {"metadata":{"emulator":{"name":"functions"},"function":{"name":"us-central1-geocode"},"extension":{},"message":"Finished \"us-central1-geocode\" in 1.9642ms"}}
[debug] [2023-03-02T16:49:13.442Z] [worker-us-central1-geocode-e3bcf14b-e54b-4941-9590-a3406d70353a]: IDLE {"metadata":{"emulator":{"name":"functions"},"function":{"name":"us-central1-geocode"},"extension":{},"message":"[worker-us-central1-geocode-e3bcf14b-e54b-4941-9590-a3406d70353a]: IDLE"}}
[debug] [2023-03-02T16:49:13.442Z] [work-queue] {"queuedWork":[],"queueLength":0,"runningWork":[],"workRunningCount":0}
[debug] [2023-03-02T16:49:14.935Z] [work-queue] {"queuedWork":["/meals-to-go-e0c54/us-central1/placesNearby-2023-03-02T16:49:14.935Z"],"queueLength":1,"runningWork":[],"workRunningCount":0}
[debug] [2023-03-02T16:49:14.935Z] [work-queue] {"queuedWork":[],"queueLength":0,"runningWork":["/meals-to-go-e0c54/us-central1/placesNearby-2023-03-02T16:49:14.935Z"],"workRunningCount":1}
[debug] [2023-03-02T16:49:14.935Z] Accepted request GET /meals-to-go-e0c54/us-central1/placesNearby?location=37.7749295,-122.4194155 --> us-central1-placesNearby
[debug] [2023-03-02T16:49:14.944Z] [functions] Runtime ready! Sending request! {"metadata":{"emulator":{"name":"functions"},"message":"[functions] Runtime ready! Sending request!"}}
[debug] [2023-03-02T16:49:14.944Z] [functions] Got req.url=/meals-to-go-e0c54/us-central1/placesNearby?location=37.7749295,-122.4194155, mapping to path=/?location=37.7749295,-122.4194155 {"metadata":{"emulator":{"name":"functions"},"message":"[functions] Got req.url=/meals-to-go-e0c54/us-central1/placesNearby?location=37.7749295,-122.4194155, mapping to path=/?location=37.7749295,-122.4194155"}}
[debug] [2023-03-02T16:49:14.944Z] [worker-pool] submitRequest(triggerId=us-central1-placesNearby) {"metadata":{"emulator":{"name":"functions"},"message":"[worker-pool] submitRequest(triggerId=us-central1-placesNearby)"}}
[info] i  functions: Beginning execution of "us-central1-placesNearby" {"metadata":{"emulator":{"name":"functions"},"function":{"name":"us-central1-placesNearby"},"extension":{},"message":"Beginning execution of \"us-central1-placesNearby\""}}
[debug] [2023-03-02T16:49:14.945Z] [worker-us-central1-placesNearby-62db16cd-2b5d-4d7e-bc73-09b1a8e1c3d2]: BUSY {"metadata":{"emulator":{"name":"functions"},"function":{"name":"us-central1-placesNearby"},"extension":{},"message":"[worker-us-central1-placesNearby-62db16cd-2b5d-4d7e-bc73-09b1a8e1c3d2]: BUSY"}}
[info] i  functions: Finished "us-central1-placesNearby" in 2.3649ms {"metadata":{"emulator":{"name":"functions"},"function":{"name":"us-central1-placesNearby"},"extension":{},"message":"Finished \"us-central1-placesNearby\" in 2.3649ms"}}
[debug] [2023-03-02T16:49:14.948Z] [worker-us-central1-placesNearby-62db16cd-2b5d-4d7e-bc73-09b1a8e1c3d2]: IDLE {"metadata":{"emulator":{"name":"functions"},"function":{"name":"us-central1-placesNearby"},"extension":{},"message":"[worker-us-central1-placesNearby-62db16cd-2b5d-4d7e-bc73-09b1a8e1c3d2]: IDLE"}}
[debug] [2023-03-02T16:49:14.948Z] [work-queue] {"queuedWork":[],"queueLength":0,"runningWork":[],"workRunningCount":0}
[debug] [2023-03-02T16:50:01.540Z] [work-queue] {"queuedWork":["/meals-to-go-e0c54/us-central1/geocode-2023-03-02T16:50:01.540Z"],"queueLength":1,"runningWork":[],"workRunningCount":0}
[debug] [2023-03-02T16:50:01.541Z] [work-queue] {"queuedWork":[],"queueLength":0,"runningWork":["/meals-to-go-e0c54/us-central1/geocode-2023-03-02T16:50:01.540Z"],"workRunningCount":1}
[debug] [2023-03-02T16:50:01.541Z] Accepted request GET /meals-to-go-e0c54/us-central1/geocode?city=san%20francisco --> us-central1-geocode
[debug] [2023-03-02T16:50:01.549Z] [functions] Runtime ready! Sending request! {"metadata":{"emulator":{"name":"functions"},"message":"[functions] Runtime ready! Sending request!"}}
[debug] [2023-03-02T16:50:01.550Z] [functions] Got req.url=/meals-to-go-e0c54/us-central1/geocode?city=san%20francisco, mapping to path=/?city=san%20francisco {"metadata":{"emulator":{"name":"functions"},"message":"[functions] Got req.url=/meals-to-go-e0c54/us-central1/geocode?city=san%20francisco, mapping to path=/?city=san%20francisco"}}
[debug] [2023-03-02T16:50:01.550Z] [worker-pool] submitRequest(triggerId=us-central1-geocode) {"metadata":{"emulator":{"name":"functions"},"message":"[worker-pool] submitRequest(triggerId=us-central1-geocode)"}}
[info] i  functions: Beginning execution of "us-central1-geocode" {"metadata":{"emulator":{"name":"functions"},"function":{"name":"us-central1-geocode"},"extension":{},"message":"Beginning execution of \"us-central1-geocode\""}}
[debug] [2023-03-02T16:50:01.550Z] [worker-us-central1-geocode-e3bcf14b-e54b-4941-9590-a3406d70353a]: BUSY {"metadata":{"emulator":{"name":"functions"},"function":{"name":"us-central1-geocode"},"extension":{},"message":"[worker-us-central1-geocode-e3bcf14b-e54b-4941-9590-a3406d70353a]: BUSY"}}
[info] i  functions: Finished "us-central1-geocode" in 2.092ms {"metadata":{"emulator":{"name":"functions"},"function":{"name":"us-central1-geocode"},"extension":{},"message":"Finished \"us-central1-geocode\" in 2.092ms"}}
[debug] [2023-03-02T16:50:01.553Z] [worker-us-central1-geocode-e3bcf14b-e54b-4941-9590-a3406d70353a]: IDLE {"metadata":{"emulator":{"name":"functions"},"function":{"name":"us-central1-geocode"},"extension":{},"message":"[worker-us-central1-geocode-e3bcf14b-e54b-4941-9590-a3406d70353a]: IDLE"}}
[debug] [2023-03-02T16:50:01.553Z] [work-queue] {"queuedWork":[],"queueLength":0,"runningWork":[],"workRunningCount":0}
[debug] [2023-03-02T16:50:03.099Z] [work-queue] {"queuedWork":["/meals-to-go-e0c54/us-central1/placesNearby-2023-03-02T16:50:03.099Z"],"queueLength":1,"runningWork":[],"workRunningCount":0}
[debug] [2023-03-02T16:50:03.099Z] [work-queue] {"queuedWork":[],"queueLength":0,"runningWork":["/meals-to-go-e0c54/us-central1/placesNearby-2023-03-02T16:50:03.099Z"],"workRunningCount":1}
[debug] [2023-03-02T16:50:03.099Z] Accepted request GET /meals-to-go-e0c54/us-central1/placesNearby?location=37.7749295,-122.4194155 --> us-central1-placesNearby
[debug] [2023-03-02T16:50:03.107Z] [functions] Runtime ready! Sending request! {"metadata":{"emulator":{"name":"functions"},"message":"[functions] Runtime ready! Sending request!"}}
[debug] [2023-03-02T16:50:03.107Z] [functions] Got req.url=/meals-to-go-e0c54/us-central1/placesNearby?location=37.7749295,-122.4194155, mapping to path=/?location=37.7749295,-122.4194155 {"metadata":{"emulator":{"name":"functions"},"message":"[functions] Got req.url=/meals-to-go-e0c54/us-central1/placesNearby?location=37.7749295,-122.4194155, mapping to path=/?location=37.7749295,-122.4194155"}}
[debug] [2023-03-02T16:50:03.107Z] [worker-pool] submitRequest(triggerId=us-central1-placesNearby) {"metadata":{"emulator":{"name":"functions"},"message":"[worker-pool] submitRequest(triggerId=us-central1-placesNearby)"}}
[info] i  functions: Beginning execution of "us-central1-placesNearby" {"metadata":{"emulator":{"name":"functions"},"function":{"name":"us-central1-placesNearby"},"extension":{},"message":"Beginning execution of \"us-central1-placesNearby\""}}
[debug] [2023-03-02T16:50:03.108Z] [worker-us-central1-placesNearby-62db16cd-2b5d-4d7e-bc73-09b1a8e1c3d2]: BUSY {"metadata":{"emulator":{"name":"functions"},"function":{"name":"us-central1-placesNearby"},"extension":{},"message":"[worker-us-central1-placesNearby-62db16cd-2b5d-4d7e-bc73-09b1a8e1c3d2]: BUSY"}}
[info] i  functions: Finished "us-central1-placesNearby" in 2.2338ms {"metadata":{"emulator":{"name":"functions"},"function":{"name":"us-central1-placesNearby"},"extension":{},"message":"Finished \"us-central1-placesNearby\" in 2.2338ms"}}
[debug] [2023-03-02T16:50:03.111Z] [worker-us-central1-placesNearby-62db16cd-2b5d-4d7e-bc73-09b1a8e1c3d2]: IDLE {"metadata":{"emulator":{"name":"functions"},"function":{"name":"us-central1-placesNearby"},"extension":{},"message":"[worker-us-central1-placesNearby-62db16cd-2b5d-4d7e-bc73-09b1a8e1c3d2]: IDLE"}}
[debug] [2023-03-02T16:50:03.111Z] [work-queue] {"queuedWork":[],"queueLength":0,"runningWork":[],"workRunningCount":0}
[debug] [2023-03-02T17:13:37.304Z] [work-queue] {"queuedWork":["/meals-to-go-e0c54/us-central1/geocode-2023-03-02T17:13:37.304Z"],"queueLength":1,"runningWork":[],"workRunningCount":0}
[debug] [2023-03-02T17:13:37.305Z] [work-queue] {"queuedWork":[],"queueLength":0,"runningWork":["/meals-to-go-e0c54/us-central1/geocode-2023-03-02T17:13:37.304Z"],"workRunningCount":1}
[debug] [2023-03-02T17:13:37.305Z] Accepted request GET /meals-to-go-e0c54/us-central1/geocode?city=san%20francisco --> us-central1-geocode
[debug] [2023-03-02T17:13:37.314Z] [functions] Runtime ready! Sending request! {"metadata":{"emulator":{"name":"functions"},"message":"[functions] Runtime ready! Sending request!"}}
[debug] [2023-03-02T17:13:37.314Z] [functions] Got req.url=/meals-to-go-e0c54/us-central1/geocode?city=san%20francisco, mapping to path=/?city=san%20francisco {"metadata":{"emulator":{"name":"functions"},"message":"[functions] Got req.url=/meals-to-go-e0c54/us-central1/geocode?city=san%20francisco, mapping to path=/?city=san%20francisco"}}
[debug] [2023-03-02T17:13:37.314Z] [worker-pool] submitRequest(triggerId=us-central1-geocode) {"metadata":{"emulator":{"name":"functions"},"message":"[worker-pool] submitRequest(triggerId=us-central1-geocode)"}}
[info] i  functions: Beginning execution of "us-central1-geocode" {"metadata":{"emulator":{"name":"functions"},"function":{"name":"us-central1-geocode"},"extension":{},"message":"Beginning execution of \"us-central1-geocode\""}}
[debug] [2023-03-02T17:13:37.315Z] [worker-us-central1-geocode-e3bcf14b-e54b-4941-9590-a3406d70353a]: BUSY {"metadata":{"emulator":{"name":"functions"},"function":{"name":"us-central1-geocode"},"extension":{},"message":"[worker-us-central1-geocode-e3bcf14b-e54b-4941-9590-a3406d70353a]: BUSY"}}
[info] i  functions: Finished "us-central1-geocode" in 2.6553ms {"metadata":{"emulator":{"name":"functions"},"function":{"name":"us-central1-geocode"},"extension":{},"message":"Finished \"us-central1-geocode\" in 2.6553ms"}}
[debug] [2023-03-02T17:13:37.318Z] [worker-us-central1-geocode-e3bcf14b-e54b-4941-9590-a3406d70353a]: IDLE {"metadata":{"emulator":{"name":"functions"},"function":{"name":"us-central1-geocode"},"extension":{},"message":"[worker-us-central1-geocode-e3bcf14b-e54b-4941-9590-a3406d70353a]: IDLE"}}
[debug] [2023-03-02T17:13:37.318Z] [work-queue] {"queuedWork":[],"queueLength":0,"runningWork":[],"workRunningCount":0}
[debug] [2023-03-02T17:13:38.978Z] [work-queue] {"queuedWork":["/meals-to-go-e0c54/us-central1/placesNearby-2023-03-02T17:13:38.978Z"],"queueLength":1,"runningWork":[],"workRunningCount":0}
[debug] [2023-03-02T17:13:38.979Z] [work-queue] {"queuedWork":[],"queueLength":0,"runningWork":["/meals-to-go-e0c54/us-central1/placesNearby-2023-03-02T17:13:38.978Z"],"workRunningCount":1}
[debug] [2023-03-02T17:13:38.979Z] Accepted request GET /meals-to-go-e0c54/us-central1/placesNearby?location=37.7749295,-122.4194155 --> us-central1-placesNearby
[debug] [2023-03-02T17:13:38.987Z] [functions] Runtime ready! Sending request! {"metadata":{"emulator":{"name":"functions"},"message":"[functions] Runtime ready! Sending request!"}}
[debug] [2023-03-02T17:13:38.987Z] [functions] Got req.url=/meals-to-go-e0c54/us-central1/placesNearby?location=37.7749295,-122.4194155, mapping to path=/?location=37.7749295,-122.4194155 {"metadata":{"emulator":{"name":"functions"},"message":"[functions] Got req.url=/meals-to-go-e0c54/us-central1/placesNearby?location=37.7749295,-122.4194155, mapping to path=/?location=37.7749295,-122.4194155"}}
[debug] [2023-03-02T17:13:38.987Z] [worker-pool] submitRequest(triggerId=us-central1-placesNearby) {"metadata":{"emulator":{"name":"functions"},"message":"[worker-pool] submitRequest(triggerId=us-central1-placesNearby)"}}
[info] i  functions: Beginning execution of "us-central1-placesNearby" {"metadata":{"emulator":{"name":"functions"},"function":{"name":"us-central1-placesNearby"},"extension":{},"message":"Beginning execution of \"us-central1-placesNearby\""}}
[debug] [2023-03-02T17:13:38.988Z] [worker-us-central1-placesNearby-62db16cd-2b5d-4d7e-bc73-09b1a8e1c3d2]: BUSY {"metadata":{"emulator":{"name":"functions"},"function":{"name":"us-central1-placesNearby"},"extension":{},"message":"[worker-us-central1-placesNearby-62db16cd-2b5d-4d7e-bc73-09b1a8e1c3d2]: BUSY"}}
[info] i  functions: Finished "us-central1-placesNearby" in 2.6941ms {"metadata":{"emulator":{"name":"functions"},"function":{"name":"us-central1-placesNearby"},"extension":{},"message":"Finished \"us-central1-placesNearby\" in 2.6941ms"}}
[debug] [2023-03-02T17:13:38.991Z] [worker-us-central1-placesNearby-62db16cd-2b5d-4d7e-bc73-09b1a8e1c3d2]: IDLE {"metadata":{"emulator":{"name":"functions"},"function":{"name":"us-central1-placesNearby"},"extension":{},"message":"[worker-us-central1-placesNearby-62db16cd-2b5d-4d7e-bc73-09b1a8e1c3d2]: IDLE"}}
[debug] [2023-03-02T17:13:38.991Z] [work-queue] {"queuedWork":[],"queueLength":0,"runningWork":[],"workRunningCount":0}
